<?xml version="1.0" encoding="UTF-8"?>
<!-- Generated by org.testng.reporters.JUnitReportReporter -->
<testsuite skipped="0" hostname="Fedegela-2.local" name="testing.BusquedaDeCalzado" tests="1" failures="0" timestamp="12 dic 2018 00:12:53 GMT" time="42.492" errors="0">
  <testcase name="buscarZapatillas" time="42.492" classname="testing.BusquedaDeCalzado"/>
</testsuite> <!-- testing.BusquedaDeCalzado -->
