<?xml version="1.0" encoding="UTF-8"?>
<!-- Generated by org.testng.reporters.JUnitReportReporter -->
<testsuite skipped="0" hostname="Fedegela-2.local" name="testing.BusquedaDeCalzado" tests="1" failures="0" timestamp="12 dic 2018 08:45:21 GMT" time="21.911" errors="0">
  <testcase name="buscarZapatillas" time="21.911" classname="testing.BusquedaDeCalzado"/>
</testsuite> <!-- testing.BusquedaDeCalzado -->
