<?xml version="1.0" encoding="UTF-8"?>
<!-- Generated by org.testng.reporters.JUnitReportReporter -->
<testsuite skipped="0" hostname="DESKTOP-LK4NL18" name="testing.BusquedaDeCalzado" tests="1" failures="0" timestamp="12 Dec 2018 08:18:42 GMT" time="20.370" errors="0">
  <testcase name="buscarZapatillas" time="20.370" classname="testing.BusquedaDeCalzado"/>
</testsuite> <!-- testing.BusquedaDeCalzado -->
